<?xml version="1.0" encoding="UTF-8"?>
<testng-results ignored="0" total="2" passed="2" failed="0" skipped="0">
  <reporter-output>
  </reporter-output>
  <suite started-at="2020-12-05T11:39:48 IST" name="Default suite" finished-at="2020-12-05T11:40:38 IST" duration-ms="50389">
    <groups>
    </groups>
    <test started-at="2020-12-05T11:39:48 IST" name="Default test" finished-at="2020-12-05T11:40:38 IST" duration-ms="50389">
      <class name="Academy.HomePage">
        <test-method is-config="true" signature="initialize()[pri:0, instance:Academy.HomePage@72cf2de5]" started-at="2020-12-05T11:39:48 IST" name="initialize" finished-at="2020-12-05T11:39:51 IST" duration-ms="3277" status="PASS">
          <reporter-output>
          </reporter-output>
        </test-method> <!-- initialize -->
        <test-method signature="basePageNavigation(java.lang.String, java.lang.String, java.lang.String)[pri:0, instance:Academy.HomePage@72cf2de5]" started-at="2020-12-05T11:39:51 IST" name="basePageNavigation" data-provider="getData" finished-at="2020-12-05T11:40:36 IST" duration-ms="45665" status="PASS">
          <params>
            <param index="0">
              <value>
                <![CDATA[nonrestricteduser@qw.com]]>
              </value>
            </param>
            <param index="1">
              <value>
                <![CDATA[123456]]>
              </value>
            </param>
            <param index="2">
              <value>
                <![CDATA[Restrcited User]]>
              </value>
            </param>
          </params>
          <reporter-output>
          </reporter-output>
        </test-method> <!-- basePageNavigation -->
        <test-method signature="basePageNavigation(java.lang.String, java.lang.String, java.lang.String)[pri:0, instance:Academy.HomePage@72cf2de5]" started-at="2020-12-05T11:40:36 IST" name="basePageNavigation" data-provider="getData" finished-at="2020-12-05T11:40:38 IST" duration-ms="1395" status="PASS">
          <params>
            <param index="0">
              <value>
                <![CDATA[restricteduser@qw.com]]>
              </value>
            </param>
            <param index="1">
              <value>
                <![CDATA[456788]]>
              </value>
            </param>
            <param index="2">
              <value>
                <![CDATA[Non restricted user]]>
              </value>
            </param>
          </params>
          <reporter-output>
          </reporter-output>
        </test-method> <!-- basePageNavigation -->
        <test-method is-config="true" signature="teardown()[pri:0, instance:Academy.HomePage@72cf2de5]" started-at="2020-12-05T11:40:38 IST" name="teardown" finished-at="2020-12-05T11:40:38 IST" duration-ms="33" status="PASS">
          <reporter-output>
          </reporter-output>
        </test-method> <!-- teardown -->
      </class> <!-- Academy.HomePage -->
    </test> <!-- Default test -->
  </suite> <!-- Default suite -->
</testng-results>
